<?xml version="1.0" encoding="UTF-8"?>
<testsuites name="Starter APIs" tests="2" time="1.363">
  <testsuite name="Create Employee" id="42aed819-8ea0-431b-9160-5d73726af6ba" timestamp="2024-02-23T06:15:58.604Z" tests="1" failures="1" errors="1" time="1.045">
    <system-err><![CDATA[Iteration: 0

---
testScriptError: Unexpected token '<' at 1:1
<!DOCTYPE html>
^
---
]]></system-err>
    <testcase name="Successful response" time="1.045" classname="StarterApIs">
      <failure type="AssertionFailure" message="expected '&lt;!DOCTYPE html>\n&lt;html lang=&quot;en&quot;>\n  …' to include 'success'">
        <![CDATA[Failed 1 times.]]>
        <![CDATA[Collection JSON ID: 968b3a18-cc72-48a2-9b6b-e8619b4aaca8.]]>
        <![CDATA[Collection name: Starter APIs.]]>
        <![CDATA[Request name: Create Employee.]]>
        <![CDATA[Test description: Successful response.]]>
        <![CDATA[Error message: expected '<!DOCTYPE html>\n<html lang="en">\n  …' to include 'success'.]]>
        <![CDATA[Stacktrace: AssertionError: expected '<!DOCTYPE html>\n<html lang="en">\n  …' to include 'success'
   at Object.eval sandbox-script.js:1:1).]]>
      </failure>
    </testcase>
  </testsuite>
  <testsuite name="Get All Employees" id="5ab7f6b4-c558-482f-8da5-43c432f33f42" timestamp="2024-02-23T06:15:58.604Z" tests="1" failures="1" errors="0" time="0.318">
    <testcase name="Successful response" time="0.318" classname="StarterApIs">
      <failure type="AssertionFailure" message="expected '&lt;!DOCTYPE html>\n&lt;html lang=&quot;en&quot;>\n  …' to include 'success'">
        <![CDATA[Failed 1 times.]]>
        <![CDATA[Collection JSON ID: 968b3a18-cc72-48a2-9b6b-e8619b4aaca8.]]>
        <![CDATA[Collection name: Starter APIs.]]>
        <![CDATA[Request name: Get All Employees.]]>
        <![CDATA[Test description: Successful response.]]>
        <![CDATA[Error message: expected '<!DOCTYPE html>\n<html lang="en">\n  …' to include 'success'.]]>
        <![CDATA[Stacktrace: AssertionError: expected '<!DOCTYPE html>\n<html lang="en">\n  …' to include 'success'
   at Object.eval sandbox-script.js:1:2).]]>
      </failure>
    </testcase>
  </testsuite>
</testsuites>